<?xml version="1.0" encoding="UTF-8"?>
<testng-results skipped="0" failed="0" total="1" passed="1">
  <reporter-output>
  </reporter-output>
  <suite name="Default suite" duration-ms="31862" started-at="2018-08-13T07:49:00Z" finished-at="2018-08-13T07:49:32Z">
    <groups>
    </groups>
    <test name="Default test" duration-ms="31862" started-at="2018-08-13T07:49:00Z" finished-at="2018-08-13T07:49:32Z">
      <class name="com.secondproject.SecondProject">
        <test-method status="PASS" signature="openBrowser()" name="openBrowser" is-config="true" duration-ms="2897" started-at="2018-08-13T07:49:00Z" finished-at="2018-08-13T07:49:03Z">
        </test-method>
        <test-method status="PASS" signature="method()" name="method" duration-ms="28950" started-at="2018-08-13T07:49:03Z" finished-at="2018-08-13T07:49:32Z">
        </test-method>
      </class>
    </test>
  </suite>
</testng-results>
